2017-10-25 00:00:13.127 [AsyncResolver-bootstrap-executor-0] INFO  com.netflix.discovery.shared.resolver.aws.ConfigClusterResolver - Resolving eureka endpoints via configuration
2017-10-25 00:30:55.698 [main] INFO  com.itmayiedu.MemberServer - No active profile set, falling back to default profiles: default
2017-10-25 00:31:01.020 [main] INFO  org.apache.catalina.core.StandardService - Starting service Tomcat
2017-10-25 00:31:01.022 [main] INFO  org.apache.catalina.core.StandardEngine - Starting Servlet Engine: Apache Tomcat/8.5.14
2017-10-25 00:31:01.567 [localhost-startStop-1] INFO  org.apache.catalina.core.ContainerBase.[Tomcat].[localhost].[/] - Initializing Spring embedded WebApplicationContext
2017-10-25 00:31:08.455 [main] WARN  com.netflix.config.sources.URLConfigurationSource - No URLs will be polled as dynamic configuration sources.
2017-10-25 00:31:08.456 [main] INFO  com.netflix.config.sources.URLConfigurationSource - To enable URLs as dynamic configuration sources, define System property archaius.configurationSource.additionalUrls or make config.properties available on classpath.
2017-10-25 00:31:08.468 [main] WARN  com.netflix.config.sources.URLConfigurationSource - No URLs will be polled as dynamic configuration sources.
2017-10-25 00:31:08.469 [main] INFO  com.netflix.config.sources.URLConfigurationSource - To enable URLs as dynamic configuration sources, define System property archaius.configurationSource.additionalUrls or make config.properties available on classpath.
2017-10-25 00:31:09.319 [main] INFO  com.netflix.discovery.DiscoveryClient - Initializing Eureka in region us-east-1
2017-10-25 00:31:09.667 [main] INFO  com.netflix.discovery.provider.DiscoveryJerseyProvider - Using JSON encoding codec LegacyJacksonJson
2017-10-25 00:31:09.667 [main] INFO  com.netflix.discovery.provider.DiscoveryJerseyProvider - Using JSON decoding codec LegacyJacksonJson
2017-10-25 00:31:09.915 [main] INFO  com.netflix.discovery.provider.DiscoveryJerseyProvider - Using XML encoding codec XStreamXml
2017-10-25 00:31:09.915 [main] INFO  com.netflix.discovery.provider.DiscoveryJerseyProvider - Using XML decoding codec XStreamXml
2017-10-25 00:31:10.465 [main] INFO  com.netflix.discovery.shared.resolver.aws.ConfigClusterResolver - Resolving eureka endpoints via configuration
2017-10-25 00:31:10.753 [main] INFO  com.netflix.discovery.DiscoveryClient - Disable delta property : false
2017-10-25 00:31:10.754 [main] INFO  com.netflix.discovery.DiscoveryClient - Single vip registry refresh property : null
2017-10-25 00:31:10.754 [main] INFO  com.netflix.discovery.DiscoveryClient - Force full registry fetch : false
2017-10-25 00:31:10.754 [main] INFO  com.netflix.discovery.DiscoveryClient - Application is null : false
2017-10-25 00:31:10.754 [main] INFO  com.netflix.discovery.DiscoveryClient - Registered Applications size is zero : true
2017-10-25 00:31:10.754 [main] INFO  com.netflix.discovery.DiscoveryClient - Application version is -1: true
2017-10-25 00:31:10.754 [main] INFO  com.netflix.discovery.DiscoveryClient - Getting all instance registry info from the eureka server
2017-10-25 00:31:11.184 [main] INFO  com.netflix.discovery.DiscoveryClient - The response status is 200
2017-10-25 00:31:11.187 [main] INFO  com.netflix.discovery.DiscoveryClient - Starting heartbeat executor: renew interval is: 30
2017-10-25 00:31:11.191 [main] INFO  com.netflix.discovery.InstanceInfoReplicator - InstanceInfoReplicator onDemand update allowed rate per min is 4
2017-10-25 00:31:11.196 [main] INFO  com.netflix.discovery.DiscoveryClient - Discovery Client initialized at timestamp 1508862671195 with initial instances count: 2
2017-10-25 00:31:11.257 [main] INFO  com.netflix.discovery.DiscoveryClient - Saw local status change event StatusChangeEvent [timestamp=1508862671257, current=UP, previous=STARTING]
2017-10-25 00:31:11.265 [DiscoveryClient-InstanceInfoReplicator-0] INFO  com.netflix.discovery.DiscoveryClient - DiscoveryClient_MEMBER/192.168.1.3:member:8762: registering service...
2017-10-25 00:31:11.340 [DiscoveryClient-InstanceInfoReplicator-0] INFO  com.netflix.discovery.DiscoveryClient - DiscoveryClient_MEMBER/192.168.1.3:member:8762 - registration status: 204
2017-10-25 00:31:11.453 [main] INFO  org.apache.coyote.http11.Http11NioProtocol - Initializing ProtocolHandler ["http-nio-8762"]
2017-10-25 00:31:11.486 [main] INFO  org.apache.coyote.http11.Http11NioProtocol - Starting ProtocolHandler ["http-nio-8762"]
2017-10-25 00:31:11.505 [main] INFO  org.apache.tomcat.util.net.NioSelectorPool - Using a shared selector for servlet write/read
2017-10-25 00:31:11.644 [main] INFO  com.itmayiedu.MemberServer - Started MemberServer in 19.42 seconds (JVM running for 20.792)
2017-10-25 00:32:31.051 [http-nio-8762-exec-2] INFO  org.apache.catalina.core.ContainerBase.[Tomcat].[localhost].[/] - Initializing Spring FrameworkServlet 'dispatcherServlet'
2017-10-25 00:32:31.234 [http-nio-8762-exec-2] INFO  com.itmayiedu.common.log.LogAspectServiceApi - ===============请求内容===============
2017-10-25 00:32:31.234 [http-nio-8762-exec-2] INFO  com.itmayiedu.common.log.LogAspectServiceApi - 请求地址:http://127.0.0.1:8762/member/regist
2017-10-25 00:32:31.234 [http-nio-8762-exec-2] INFO  com.itmayiedu.common.log.LogAspectServiceApi - 请求方式:POST
2017-10-25 00:32:31.237 [http-nio-8762-exec-2] INFO  com.itmayiedu.common.log.LogAspectServiceApi - 请求类方法:Map com.itmayiedu.api.service.impl.UserServiceImpl.regist(UserEntity)
2017-10-25 00:32:31.237 [http-nio-8762-exec-2] INFO  com.itmayiedu.common.log.LogAspectServiceApi - 请求类方法参数:[com.itmayiedu.entity.UserEntity@3b7949bd]
2017-10-25 00:32:31.237 [http-nio-8762-exec-2] INFO  com.itmayiedu.common.log.LogAspectServiceApi - ===============请求内容===============
2017-10-25 00:32:31.391 [http-nio-8762-exec-2] INFO  com.alibaba.druid.pool.DruidDataSource - {dataSource-1} inited
2017-10-25 00:32:31.911 [http-nio-8762-exec-2] INFO  com.itmayiedu.manage.impl.UserServiceManageImpl - ###regist() 注册发送邮件报文mailMessage:{"header":{"interfaceType":"sms_mail"},"content":{"mail":"yushengjun644064@163.com","userName":"zhangsan"}}
2017-10-25 00:32:32.867 [http-nio-8762-exec-2] INFO  com.itmayiedu.common.log.LogAspectServiceApi - --------------返回内容----------------
2017-10-25 00:32:32.869 [http-nio-8762-exec-2] INFO  com.itmayiedu.common.log.LogAspectServiceApi - Response内容:{"msg":"success","code":200}
2017-10-25 00:32:32.869 [http-nio-8762-exec-2] INFO  com.itmayiedu.common.log.LogAspectServiceApi - --------------返回内容----------------
2017-10-25 00:36:10.763 [AsyncResolver-bootstrap-executor-0] INFO  com.netflix.discovery.shared.resolver.aws.ConfigClusterResolver - Resolving eureka endpoints via configuration
2017-10-25 00:41:10.769 [AsyncResolver-bootstrap-executor-0] INFO  com.netflix.discovery.shared.resolver.aws.ConfigClusterResolver - Resolving eureka endpoints via configuration
